TN:
SF:src/Kernel.sol
FN:110,114,Module.permissioned
FN:119,119,Module.KEYCODE
FN:124,124,Module.VERSION
FN:129,129,Module.INIT
FN:142,143,Policy.isActive
FN:147,150,Policy.getModuleAddress
FN:155,155,Policy.configureDependencies
FN:159,159,Policy.requestPermissions
FN:222,223,Kernel.constructor
FN:227,228,Kernel.onlyExecutor
FN:232,233,Kernel.isPolicyActive
FN:237,259,Kernel.executeAction
FN:262,272,Kernel._installModule
FN:275,288,Kernel._upgradeModule
FN:291,315,Kernel._activatePolicy
FN:318,335,Kernel._deactivatePolicy
FN:341,358,Kernel._migrateKernel
FN:363,371,Kernel._reconfigurePolicies
FN:376,389,Kernel._setPolicyPermissions
FN:394,414,Kernel._pruneFromDependents
FN:85,86,KernelAdapter.constructor
FN:90,91,KernelAdapter.onlyKernel
FN:96,97,KernelAdapter.changeKernel
FNDA:181,Module.permissioned
FNDA:0,Module.KEYCODE
FNDA:0,Module.VERSION
FNDA:402,Module.INIT
FNDA:0,Policy.isActive
FNDA:448,Policy.getModuleAddress
FNDA:0,Policy.configureDependencies
FNDA:0,Policy.requestPermissions
FNDA:110,Kernel.constructor
FNDA:622,Kernel.onlyExecutor
FNDA:220,Kernel.isPolicyActive
FNDA:622,Kernel.executeAction
FNDA:402,Kernel._installModule
FNDA:0,Kernel._upgradeModule
FNDA:220,Kernel._activatePolicy
FNDA:0,Kernel._deactivatePolicy
FNDA:0,Kernel._migrateKernel
FNDA:0,Kernel._reconfigurePolicies
FNDA:220,Kernel._setPolicyPermissions
FNDA:0,Kernel._pruneFromDependents
FNDA:624,KernelAdapter.constructor
FNDA:0,KernelAdapter.onlyKernel
FNDA:0,KernelAdapter.changeKernel
FNF:23
FNH:11
DA:85,624
DA:86,624
DA:90,0
DA:91,0
DA:96,0
DA:97,0
DA:110,181
DA:112,181
DA:113,181
DA:114,1
DA:119,0
DA:124,0
DA:129,402
DA:142,0
DA:143,0
DA:147,448
DA:148,448
DA:149,448
DA:150,448
DA:155,0
DA:159,0
DA:222,110
DA:223,110
DA:227,622
DA:228,622
DA:232,220
DA:233,220
DA:237,622
DA:238,622
DA:239,402
DA:240,402
DA:241,402
DA:242,220
DA:243,0
DA:244,0
DA:245,0
DA:246,220
DA:247,220
DA:248,220
DA:249,0
DA:250,0
DA:251,0
DA:252,0
DA:253,0
DA:254,0
DA:255,0
DA:256,0
DA:259,622
DA:262,402
DA:263,402
DA:265,402
DA:266,0
DA:268,402
DA:269,402
DA:270,402
DA:272,402
DA:275,0
DA:276,0
DA:277,0
DA:279,0
DA:280,0
DA:282,0
DA:283,0
DA:284,0
DA:286,0
DA:288,0
DA:291,220
DA:292,220
DA:295,220
DA:296,220
DA:299,220
DA:300,220
DA:302,220
DA:303,512
DA:305,512
DA:306,512
DA:309,512
DA:314,220
DA:315,220
DA:318,0
DA:319,0
DA:322,0
DA:323,0
DA:326,0
DA:327,0
DA:329,0
DA:330,0
DA:331,0
DA:332,0
DA:335,0
DA:341,0
DA:342,0
DA:343,0
DA:344,0
DA:345,0
DA:347,0
DA:351,0
DA:352,0
DA:353,0
DA:356,0
DA:358,0
DA:363,0
DA:364,0
DA:365,0
DA:367,0
DA:368,0
DA:371,0
DA:376,220
DA:381,220
DA:382,220
DA:383,1172
DA:384,1172
DA:386,1172
DA:389,1172
DA:394,0
DA:395,0
DA:396,0
DA:398,0
DA:399,0
DA:400,0
DA:402,0
DA:403,0
DA:406,0
DA:407,0
DA:410,0
DA:411,0
DA:414,0
LF:127
LH:54
end_of_record
TN:
SF:src/external/ClaimTransfer.sol
FN:108,110,ClaimTransfer.approve
FN:123,127,ClaimTransfer.transfer
FN:141,148,ClaimTransfer.transferFrom
FN:153,169,ClaimTransfer._transfer
FN:43,50,ClaimTransfer.constructor
FN:56,60,ClaimTransfer.fractionalizeClaim
FN:65,79,ClaimTransfer.claim
FN:86,99,ClaimTransfer.redeemableFor
FNDA:0,ClaimTransfer.approve
FNDA:0,ClaimTransfer.transfer
FNDA:0,ClaimTransfer.transferFrom
FNDA:0,ClaimTransfer._transfer
FNDA:0,ClaimTransfer.constructor
FNDA:0,ClaimTransfer.fractionalizeClaim
FNDA:0,ClaimTransfer.claim
FNDA:0,ClaimTransfer.redeemableFor
FNF:8
FNH:0
DA:43,0
DA:44,0
DA:45,0
DA:46,0
DA:47,0
DA:50,0
DA:56,0
DA:57,0
DA:58,0
DA:60,0
DA:65,0
DA:66,0
DA:69,0
DA:70,0
DA:76,0
DA:78,0
DA:79,0
DA:86,0
DA:87,0
DA:89,0
DA:95,0
DA:97,0
DA:99,0
DA:108,0
DA:109,0
DA:110,0
DA:123,0
DA:125,0
DA:127,0
DA:141,0
DA:143,0
DA:146,0
DA:148,0
DA:153,0
DA:155,0
DA:157,0
DA:158,0
DA:159,0
DA:160,0
DA:163,0
DA:164,0
DA:165,0
DA:167,0
DA:168,0
DA:169,0
LF:45
LH:0
end_of_record
TN:
SF:src/external/OlympusAuthority.sol
FN:102,115,OlympusAuthority.constructor
FN:120,123,OlympusAuthority.pushGovernor
FN:126,129,OlympusAuthority.pushGuardian
FN:132,135,OlympusAuthority.pushPolicy
FN:138,141,OlympusAuthority.pushVault
FN:146,149,OlympusAuthority.pullGovernor
FN:152,155,OlympusAuthority.pullGuardian
FN:158,161,OlympusAuthority.pullPolicy
FN:164,167,OlympusAuthority.pullVault
FN:46,48,OlympusAccessControlled.constructor
FN:53,54,OlympusAccessControlled.onlyGovernor
FN:58,59,OlympusAccessControlled.onlyGuardian
FN:63,64,OlympusAccessControlled.onlyPermitted
FN:68,69,OlympusAccessControlled.onlyVault
FN:75,77,OlympusAccessControlled.setAuthority
FNDA:0,OlympusAuthority.constructor
FNDA:0,OlympusAuthority.pushGovernor
FNDA:0,OlympusAuthority.pushGuardian
FNDA:0,OlympusAuthority.pushPolicy
FNDA:0,OlympusAuthority.pushVault
FNDA:0,OlympusAuthority.pullGovernor
FNDA:0,OlympusAuthority.pullGuardian
FNDA:0,OlympusAuthority.pullPolicy
FNDA:0,OlympusAuthority.pullVault
FNDA:0,OlympusAccessControlled.constructor
FNDA:0,OlympusAccessControlled.onlyGovernor
FNDA:0,OlympusAccessControlled.onlyGuardian
FNDA:0,OlympusAccessControlled.onlyPermitted
FNDA:0,OlympusAccessControlled.onlyVault
FNDA:0,OlympusAccessControlled.setAuthority
FNF:15
FNH:0
DA:46,0
DA:47,0
DA:48,0
DA:53,0
DA:54,0
DA:58,0
DA:59,0
DA:63,0
DA:64,0
DA:68,0
DA:69,0
DA:75,0
DA:76,0
DA:77,0
DA:102,0
DA:108,0
DA:109,0
DA:110,0
DA:111,0
DA:112,0
DA:113,0
DA:114,0
DA:115,0
DA:120,0
DA:121,0
DA:122,0
DA:123,0
DA:126,0
DA:127,0
DA:128,0
DA:129,0
DA:132,0
DA:133,0
DA:134,0
DA:135,0
DA:138,0
DA:139,0
DA:140,0
DA:141,0
DA:146,0
DA:147,0
DA:148,0
DA:149,0
DA:152,0
DA:153,0
DA:154,0
DA:155,0
DA:158,0
DA:159,0
DA:160,0
DA:161,0
DA:164,0
DA:165,0
DA:166,0
DA:167,0
LF:55
LH:0
end_of_record
TN:
SF:src/external/OlympusERC20.sol
FN:133,163,ECDSA.tryRecover
FN:181,263,ECDSA.recover
FN:274,277,ECDSA.toEthSignedMessageHash
FN:289,293,ECDSA.toTypedDataHash
FN:343,358,EIP712.constructor
FN:364,373,EIP712._domainSeparatorV4
FN:377,387,EIP712._buildDomainSeparator
FN:405,406,EIP712._hashTypedDataV4
FN:47,49,OlympusAccessControlled.constructor
FN:54,55,OlympusAccessControlled.onlyGovernor
FN:558,562,SafeMath.add
FN:565,573,SafeMath.sub
FN:576,584,SafeMath.mul
FN:587,596,SafeMath.div
FN:59,60,OlympusAccessControlled.onlyGuardian
FN:600,609,SafeMath.sqrrt
FN:626,627,Counters.current
FN:630,632,Counters.increment
FN:635,636,Counters.decrement
FN:64,65,OlympusAccessControlled.onlyPermitted
FN:660,663,ERC20.constructor
FN:666,667,ERC20.name
FN:670,671,ERC20.symbol
FN:674,675,ERC20.decimals
FN:678,679,ERC20.totalSupply
FN:682,683,ERC20.balanceOf
FN:686,688,ERC20.transfer
FN:69,70,OlympusAccessControlled.onlyVault
FN:691,695,ERC20.allowance
FN:698,700,ERC20.approve
FN:703,714,ERC20.transferFrom
FN:717,719,ERC20.increaseAllowance
FN:722,734,ERC20.decreaseAllowance
FN:737,745,ERC20._transfer
FN:748,753,ERC20._mint
FN:756,763,ERC20._burn
FN:76,78,OlympusAccessControlled.setAuthority
FN:766,771,ERC20._approve
FN:774,774,ERC20._beforeTokenTransfer
FN:810,830,ERC20Permit.permit
FN:836,837,ERC20Permit.nonces
FN:844,845,ERC20Permit.DOMAIN_SEPARATOR
FN:853,856,ERC20Permit._useNonce
FN:873,874,OlympusERC20Token.mint
FN:877,878,OlympusERC20Token.burn
FN:881,882,OlympusERC20Token.burnFrom
FN:885,892,OlympusERC20Token._burnFrom
FN:99,109,ECDSA._throwError
FNDA:0,ECDSA.tryRecover
FNDA:0,ECDSA.recover
FNDA:0,ECDSA.toEthSignedMessageHash
FNDA:0,ECDSA.toTypedDataHash
FNDA:0,EIP712.constructor
FNDA:0,EIP712._domainSeparatorV4
FNDA:0,EIP712._buildDomainSeparator
FNDA:0,EIP712._hashTypedDataV4
FNDA:0,OlympusAccessControlled.constructor
FNDA:0,OlympusAccessControlled.onlyGovernor
FNDA:0,SafeMath.add
FNDA:0,SafeMath.sub
FNDA:0,SafeMath.mul
FNDA:0,SafeMath.div
FNDA:0,OlympusAccessControlled.onlyGuardian
FNDA:0,SafeMath.sqrrt
FNDA:0,Counters.current
FNDA:0,Counters.increment
FNDA:0,Counters.decrement
FNDA:0,OlympusAccessControlled.onlyPermitted
FNDA:0,ERC20.constructor
FNDA:0,ERC20.name
FNDA:0,ERC20.symbol
FNDA:0,ERC20.decimals
FNDA:0,ERC20.totalSupply
FNDA:0,ERC20.balanceOf
FNDA:0,ERC20.transfer
FNDA:0,OlympusAccessControlled.onlyVault
FNDA:0,ERC20.allowance
FNDA:0,ERC20.approve
FNDA:0,ERC20.transferFrom
FNDA:0,ERC20.increaseAllowance
FNDA:0,ERC20.decreaseAllowance
FNDA:0,ERC20._transfer
FNDA:0,ERC20._mint
FNDA:0,ERC20._burn
FNDA:0,OlympusAccessControlled.setAuthority
FNDA:0,ERC20._approve
FNDA:0,ERC20._beforeTokenTransfer
FNDA:0,ERC20Permit.permit
FNDA:0,ERC20Permit.nonces
FNDA:0,ERC20Permit.DOMAIN_SEPARATOR
FNDA:0,ERC20Permit._useNonce
FNDA:0,OlympusERC20Token.mint
FNDA:0,OlympusERC20Token.burn
FNDA:0,OlympusERC20Token.burnFrom
FNDA:0,OlympusERC20Token._burnFrom
FNDA:0,ECDSA._throwError
FNF:48
FNH:0
DA:47,0
DA:48,0
DA:49,0
DA:54,0
DA:55,0
DA:59,0
DA:60,0
DA:64,0
DA:65,0
DA:69,0
DA:70,0
DA:76,0
DA:77,0
DA:78,0
DA:99,0
DA:100,0
DA:101,0
DA:102,0
DA:103,0
DA:104,0
DA:105,0
DA:106,0
DA:107,0
DA:108,0
DA:109,0
DA:133,0
DA:140,0
DA:141,0
DA:142,0
DA:143,0
DA:147,0
DA:148,0
DA:149,0
DA:151,0
DA:152,0
DA:153,0
DA:154,0
DA:158,0
DA:159,0
DA:161,0
DA:163,0
DA:181,0
DA:182,0
DA:183,0
DA:184,0
DA:194,0
DA:199,0
DA:200,0
DA:202,0
DA:203,0
DA:205,0
DA:213,0
DA:214,0
DA:215,0
DA:216,0
DA:225,0
DA:240,0
DA:241,0
DA:243,0
DA:244,0
DA:248,0
DA:249,0
DA:250,0
DA:253,0
DA:260,0
DA:261,0
DA:262,0
DA:263,0
DA:274,0
DA:277,0
DA:289,0
DA:293,0
DA:343,0
DA:344,0
DA:346,0
DA:349,0
DA:350,0
DA:351,0
DA:354,0
DA:355,0
DA:356,0
DA:357,0
DA:358,0
DA:364,0
DA:365,0
DA:367,0
DA:370,0
DA:371,0
DA:373,0
DA:377,0
DA:382,0
DA:384,0
DA:387,0
DA:405,0
DA:406,0
DA:558,0
DA:559,0
DA:560,0
DA:562,0
DA:565,0
DA:566,0
DA:569,0
DA:570,0
DA:571,0
DA:573,0
DA:576,0
DA:577,0
DA:578,0
DA:581,0
DA:582,0
DA:584,0
DA:587,0
DA:588,0
DA:591,0
DA:592,0
DA:593,0
DA:594,0
DA:596,0
DA:600,0
DA:601,0
DA:602,0
DA:603,0
DA:604,0
DA:605,0
DA:606,0
DA:608,0
DA:609,0
DA:626,0
DA:627,0
DA:630,0
DA:632,0
DA:635,0
DA:636,0
DA:660,0
DA:661,0
DA:662,0
DA:663,0
DA:666,0
DA:667,0
DA:670,0
DA:671,0
DA:674,0
DA:675,0
DA:678,0
DA:679,0
DA:682,0
DA:683,0
DA:686,0
DA:687,0
DA:688,0
DA:691,0
DA:695,0
DA:698,0
DA:699,0
DA:700,0
DA:703,0
DA:708,0
DA:709,0
DA:714,0
DA:717,0
DA:718,0
DA:719,0
DA:722,0
DA:726,0
DA:734,0
DA:737,0
DA:738,0
DA:739,0
DA:741,0
DA:743,0
DA:744,0
DA:745,0
DA:748,0
DA:749,0
DA:750,0
DA:751,0
DA:752,0
DA:753,0
DA:756,0
DA:757,0
DA:759,0
DA:761,0
DA:762,0
DA:763,0
DA:766,0
DA:767,0
DA:768,0
DA:770,0
DA:771,0
DA:774,0
DA:810,0
DA:819,0
DA:821,0
DA:825,0
DA:827,0
DA:828,0
DA:830,0
DA:836,0
DA:837,0
DA:844,0
DA:845,0
DA:853,0
DA:854,0
DA:855,0
DA:856,0
DA:873,0
DA:874,0
DA:877,0
DA:878,0
DA:881,0
DA:882,0
DA:885,0
DA:886,0
DA:891,0
DA:892,0
LF:215
LH:0
end_of_record
TN:
SF:src/libraries/CompoundedInterest.sol
FN:10,15,CompoundedInterest.continuouslyCompounded
FNDA:49,CompoundedInterest.continuouslyCompounded
FNF:1
FNH:1
DA:10,49
DA:15,49
LF:2
LH:2
end_of_record
TN:
SF:src/libraries/FullMath.sol
FN:115,124,FullMath.mulDivUp
FN:14,106,FullMath.mulDiv
FNDA:0,FullMath.mulDivUp
FNDA:0,FullMath.mulDiv
FNF:2
FNH:0
DA:14,0
DA:25,0
DA:26,0
DA:28,0
DA:29,0
DA:30,0
DA:34,0
DA:35,0
DA:37,0
DA:39,0
DA:44,0
DA:52,0
DA:54,0
DA:58,0
DA:59,0
DA:65,0
DA:68,0
DA:73,0
DA:79,0
DA:81,0
DA:88,0
DA:92,0
DA:93,0
DA:94,0
DA:95,0
DA:96,0
DA:97,0
DA:105,0
DA:106,0
DA:115,0
DA:120,0
DA:122,0
DA:123,0
DA:124,0
LF:34
LH:0
end_of_record
TN:
SF:src/libraries/SafeCast.sol
FN:14,18,SafeCast.encodeUInt112
FN:7,11,SafeCast.encodeUInt128
FNDA:119,SafeCast.encodeUInt112
FNDA:142,SafeCast.encodeUInt128
FNF:2
FNH:2
DA:7,142
DA:8,142
DA:9,1
DA:11,141
DA:14,119
DA:15,119
DA:16,1
DA:18,118
LF:8
LH:8
end_of_record
TN:
SF:src/libraries/TransferHelper.sol
FN:17,22,TransferHelper.safeTransfer
FN:25,30,TransferHelper.safeApprove
FN:9,14,TransferHelper.safeTransferFrom
FNDA:32,TransferHelper.safeTransfer
FNDA:0,TransferHelper.safeApprove
FNDA:0,TransferHelper.safeTransferFrom
FNF:3
FNH:1
DA:9,0
DA:10,0
DA:14,0
DA:17,32
DA:18,32
DA:22,32
DA:25,0
DA:26,0
DA:30,0
LF:9
LH:3
end_of_record
TN:
SF:src/modules/CHREG/OlympusClearinghouseRegistry.sol
FN:101,121,OlympusClearinghouseRegistry.deactivateClearinghouse
FN:21,47,OlympusClearinghouseRegistry.constructor
FN:52,53,OlympusClearinghouseRegistry.KEYCODE
FN:57,59,OlympusClearinghouseRegistry.VERSION
FN:67,97,OlympusClearinghouseRegistry.activateClearinghouse
FNDA:0,OlympusClearinghouseRegistry.deactivateClearinghouse
FNDA:73,OlympusClearinghouseRegistry.constructor
FNDA:146,OlympusClearinghouseRegistry.KEYCODE
FNDA:74,OlympusClearinghouseRegistry.VERSION
FNDA:0,OlympusClearinghouseRegistry.activateClearinghouse
FNF:5
FNH:3
DA:21,73
DA:23,73
DA:24,73
DA:26,0
DA:28,0
DA:29,0
DA:31,0
DA:35,0
DA:37,0
DA:41,73
DA:42,73
DA:44,0
DA:45,0
DA:46,0
DA:47,0
DA:52,146
DA:53,146
DA:57,74
DA:58,74
DA:59,74
DA:67,0
DA:69,0
DA:70,0
DA:71,0
DA:73,0
DA:76,0
DA:78,0
DA:82,0
DA:83,0
DA:84,0
DA:85,0
DA:87,0
DA:90,0
DA:91,0
DA:93,0
DA:97,0
DA:101,0
DA:102,0
DA:103,0
DA:104,0
DA:105,0
DA:107,0
DA:108,0
DA:109,0
DA:110,0
DA:111,0
DA:115,0
DA:120,0
DA:121,0
LF:49
LH:10
end_of_record
TN:
SF:src/modules/DLGTE/DLGTE.v1.sol
FN:62,63,DLGTEv1.constructor
FNDA:110,DLGTEv1.constructor
FNF:1
FNH:1
DA:62,110
DA:63,110
LF:2
LH:2
end_of_record
TN:
SF:src/modules/DLGTE/OlympusGovDelegation.sol
FN:105,106,OlympusGovDelegation.KEYCODE
FN:110,112,OlympusGovDelegation.VERSION
FN:119,134,OlympusGovDelegation.depositUndelegatedGohm
FN:137,160,OlympusGovDelegation.withdrawUndelegatedGohm
FN:164,187,OlympusGovDelegation.applyDelegations
FN:191,196,OlympusGovDelegation.setMaxDelegateAddresses
FN:204,208,OlympusGovDelegation.policyAccountBalances
FN:212,243,OlympusGovDelegation.accountDelegationsList
FN:248,264,OlympusGovDelegation.accountDelegationSummary
FN:273,275,OlympusGovDelegation.maxDelegateAddresses
FN:282,313,OlympusGovDelegation._applyDelegations
FN:323,328,OlympusGovDelegation._maxDelegateAddresses
FN:332,385,OlympusGovDelegation._applyDelegation
FN:388,398,OlympusGovDelegation._getOrCreateDelegateEscrow
FN:96,101,OlympusGovDelegation.constructor
FNDA:514,OlympusGovDelegation.KEYCODE
FNDA:76,OlympusGovDelegation.VERSION
FNDA:75,OlympusGovDelegation.depositUndelegatedGohm
FNDA:17,OlympusGovDelegation.withdrawUndelegatedGohm
FNDA:45,OlympusGovDelegation.applyDelegations
FNDA:4,OlympusGovDelegation.setMaxDelegateAddresses
FNDA:21,OlympusGovDelegation.policyAccountBalances
FNDA:23,OlympusGovDelegation.accountDelegationsList
FNDA:81,OlympusGovDelegation.accountDelegationSummary
FNDA:3,OlympusGovDelegation.maxDelegateAddresses
FNDA:43,OlympusGovDelegation._applyDelegations
FNDA:43,OlympusGovDelegation._maxDelegateAddresses
FNDA:49,OlympusGovDelegation._applyDelegation
FNDA:33,OlympusGovDelegation._getOrCreateDelegateEscrow
FNDA:110,OlympusGovDelegation.constructor
FNF:15
FNH:15
DA:96,110
DA:101,110
DA:105,514
DA:106,514
DA:110,76
DA:111,76
DA:112,76
DA:119,75
DA:123,75
DA:124,74
DA:127,73
DA:128,73
DA:130,73
DA:131,73
DA:134,73
DA:137,17
DA:141,17
DA:142,16
DA:144,15
DA:145,15
DA:146,15
DA:147,1
DA:149,14
DA:150,14
DA:151,14
DA:152,14
DA:153,2
DA:156,12
DA:157,12
DA:160,12
DA:164,45
DA:173,45
DA:174,44
DA:176,43
DA:177,43
DA:178,43
DA:180,43
DA:187,43
DA:191,4
DA:195,4
DA:196,4
DA:204,21
DA:208,21
DA:212,23
DA:217,23
DA:218,23
DA:221,23
DA:222,23
DA:223,23
DA:226,17
DA:229,17
DA:230,17
DA:231,17
DA:233,17
DA:234,17
DA:235,17
DA:236,17
DA:237,20
DA:238,20
DA:239,20
DA:240,20
DA:243,20
DA:248,81
DA:261,81
DA:262,81
DA:263,81
DA:264,81
DA:273,3
DA:274,3
DA:275,3
DA:282,43
DA:295,43
DA:296,43
DA:298,43
DA:299,43
DA:300,43
DA:301,43
DA:302,43
DA:303,49
DA:311,40
DA:312,40
DA:313,40
DA:323,43
DA:326,43
DA:327,43
DA:328,30
DA:332,49
DA:339,49
DA:342,48
DA:345,48
DA:348,46
DA:349,36
DA:352,36
DA:353,3
DA:356,33
DA:363,32
DA:364,33
DA:367,10
DA:369,10
DA:372,10
DA:376,8
DA:380,8
DA:381,3
DA:385,33
DA:388,33
DA:393,33
DA:396,33
DA:398,29
LF:108
LH:108
end_of_record
TN:
SF:src/modules/INSTR/OlympusInstructions.sol
FN:16,17,OlympusInstructions.KEYCODE
FN:21,23,OlympusInstructions.VERSION
FN:31,34,OlympusInstructions.getInstructions
FN:38,79,OlympusInstructions.store
FNDA:0,OlympusInstructions.KEYCODE
FNDA:0,OlympusInstructions.VERSION
FNDA:0,OlympusInstructions.getInstructions
FNDA:0,OlympusInstructions.store
FNF:4
FNH:0
DA:16,0
DA:17,0
DA:21,0
DA:22,0
DA:23,0
DA:31,0
DA:34,0
DA:38,0
DA:41,0
DA:42,0
DA:44,0
DA:46,0
DA:48,0
DA:49,0
DA:50,0
DA:54,0
DA:55,0
DA:56,0
DA:57,0
DA:58,0
DA:60,0
DA:61,0
DA:62,0
DA:68,0
DA:71,0
DA:73,0
DA:77,0
DA:79,0
LF:28
LH:0
end_of_record
TN:
SF:src/modules/MINTR/MINTR.v1.sol
FN:35,36,MINTRv1.onlyWhileActive
FNDA:0,MINTRv1.onlyWhileActive
FNF:1
FNH:0
DA:35,0
DA:36,0
LF:2
LH:0
end_of_record
TN:
SF:src/modules/MINTR/OlympusMinter.sol
FN:13,15,OlympusMinter.constructor
FN:19,20,OlympusMinter.KEYCODE
FN:24,26,OlympusMinter.VERSION
FN:34,46,OlympusMinter.mintOhm
FN:50,58,OlympusMinter.burnOhm
FN:62,70,OlympusMinter.increaseMintApproval
FN:74,80,OlympusMinter.decreaseMintApproval
FN:84,85,OlympusMinter.deactivate
FN:89,90,OlympusMinter.activate
FNDA:73,OlympusMinter.constructor
FNDA:146,OlympusMinter.KEYCODE
FNDA:75,OlympusMinter.VERSION
FNDA:0,OlympusMinter.mintOhm
FNDA:0,OlympusMinter.burnOhm
FNDA:0,OlympusMinter.increaseMintApproval
FNDA:0,OlympusMinter.decreaseMintApproval
FNDA:0,OlympusMinter.deactivate
FNDA:0,OlympusMinter.activate
FNF:9
FNH:3
DA:13,73
DA:14,73
DA:15,73
DA:19,146
DA:20,146
DA:24,75
DA:25,75
DA:26,75
DA:34,0
DA:35,0
DA:37,0
DA:38,0
DA:41,0
DA:44,0
DA:46,0
DA:50,0
DA:54,0
DA:56,0
DA:58,0
DA:62,0
DA:63,0
DA:65,0
DA:68,0
DA:70,0
DA:74,0
DA:75,0
DA:77,0
DA:78,0
DA:80,0
DA:84,0
DA:85,0
DA:89,0
DA:90,0
LF:33
LH:8
end_of_record
TN:
SF:src/modules/PRICE/OlympusPrice.sol
FN:106,133,OlympusPrice.initialize
FN:137,158,OlympusPrice.changeMovingAverageDuration
FN:162,189,OlympusPrice.changeObservationFrequency
FN:192,199,OlympusPrice.changeUpdateThresholds
FN:20,63,OlympusPrice.constructor
FN:202,205,OlympusPrice.changeMinimumTargetPrice
FN:213,253,OlympusPrice.getCurrentPrice
FN:257,260,OlympusPrice.getLastPrice
FN:264,266,OlympusPrice.getMovingAverage
FN:270,272,OlympusPrice.getTargetPrice
FN:67,68,OlympusPrice.KEYCODE
FN:72,74,OlympusPrice.VERSION
FN:82,102,OlympusPrice.updateMovingAverage
FNDA:0,OlympusPrice.initialize
FNDA:0,OlympusPrice.changeMovingAverageDuration
FNDA:0,OlympusPrice.changeObservationFrequency
FNDA:0,OlympusPrice.changeUpdateThresholds
FNDA:0,OlympusPrice.constructor
FNDA:0,OlympusPrice.changeMinimumTargetPrice
FNDA:0,OlympusPrice.getCurrentPrice
FNDA:0,OlympusPrice.getLastPrice
FNDA:0,OlympusPrice.getMovingAverage
FNDA:0,OlympusPrice.getTargetPrice
FNDA:0,OlympusPrice.KEYCODE
FNDA:0,OlympusPrice.VERSION
FNDA:0,OlympusPrice.updateMovingAverage
FNF:13
FNH:0
DA:20,0
DA:31,0
DA:32,0
DA:35,0
DA:36,0
DA:37,0
DA:39,0
DA:40,0
DA:41,0
DA:43,0
DA:44,0
DA:45,0
DA:48,0
DA:49,0
DA:51,0
DA:54,0
DA:58,0
DA:60,0
DA:61,0
DA:62,0
DA:63,0
DA:67,0
DA:68,0
DA:72,0
DA:73,0
DA:74,0
DA:82,0
DA:84,0
DA:87,0
DA:90,0
DA:92,0
DA:95,0
DA:98,0
DA:99,0
DA:100,0
DA:102,0
DA:106,0
DA:110,0
DA:113,0
DA:116,0
DA:117,0
DA:120,0
DA:121,0
DA:122,0
DA:123,0
DA:124,0
DA:126,0
DA:131,0
DA:132,0
DA:133,0
DA:137,0
DA:141,0
DA:142,0
DA:145,0
DA:148,0
DA:151,0
DA:152,0
DA:153,0
DA:154,0
DA:155,0
DA:156,0
DA:158,0
DA:162,0
DA:166,0
DA:167,0
DA:170,0
DA:179,0
DA:182,0
DA:183,0
DA:184,0
DA:185,0
DA:186,0
DA:187,0
DA:189,0
DA:192,0
DA:196,0
DA:197,0
DA:199,0
DA:202,0
DA:203,0
DA:205,0
DA:213,0
DA:214,0
DA:217,0
DA:218,0
DA:220,0
DA:226,0
DA:233,0
DA:234,0
DA:235,0
DA:236,0
DA:237,0
DA:239,0
DA:240,0
DA:243,0
DA:244,0
DA:245,0
DA:246,0
DA:247,0
DA:251,0
DA:253,0
DA:257,0
DA:258,0
DA:259,0
DA:260,0
DA:264,0
DA:265,0
DA:266,0
DA:270,0
DA:271,0
DA:272,0
LF:111
LH:0
end_of_record
TN:
SF:src/modules/RANGE/OlympusRange.sol
FN:115,130,OlympusRange.updatePrices
FN:139,156,OlympusRange.regenerate
FN:160,178,OlympusRange.updateMarket
FN:183,207,OlympusRange.setSpreads
FN:21,67,OlympusRange.constructor
FN:211,216,OlympusRange.setThresholdFactor
FN:224,225,OlympusRange.range
FN:229,233,OlympusRange.capacity
FN:238,242,OlympusRange.active
FN:247,258,OlympusRange.price
FN:264,275,OlympusRange.spread
FN:281,285,OlympusRange.market
FN:290,294,OlympusRange.lastActive
FN:71,72,OlympusRange.KEYCODE
FN:76,78,OlympusRange.VERSION
FN:86,109,OlympusRange.updateCapacity
FNDA:0,OlympusRange.updatePrices
FNDA:0,OlympusRange.regenerate
FNDA:0,OlympusRange.updateMarket
FNDA:0,OlympusRange.setSpreads
FNDA:0,OlympusRange.constructor
FNDA:0,OlympusRange.setThresholdFactor
FNDA:0,OlympusRange.range
FNDA:0,OlympusRange.capacity
FNDA:0,OlympusRange.active
FNDA:0,OlympusRange.price
FNDA:0,OlympusRange.spread
FNDA:0,OlympusRange.market
FNDA:0,OlympusRange.lastActive
FNDA:0,OlympusRange.KEYCODE
FNDA:0,OlympusRange.VERSION
FNDA:0,OlympusRange.updateCapacity
FNF:16
FNH:0
DA:21,0
DA:31,0
DA:32,0
DA:33,0
DA:34,0
DA:35,0
DA:36,0
DA:37,0
DA:38,0
DA:40,0
DA:61,0
DA:62,0
DA:63,0
DA:65,0
DA:66,0
DA:67,0
DA:71,0
DA:72,0
DA:76,0
DA:77,0
DA:78,0
DA:86,0
DA:87,0
DA:89,0
DA:92,0
DA:94,0
DA:95,0
DA:97,0
DA:101,0
DA:104,0
DA:106,0
DA:107,0
DA:109,0
DA:115,0
DA:117,0
DA:120,0
DA:123,0
DA:126,0
DA:130,0
DA:139,0
DA:140,0
DA:142,0
DA:144,0
DA:145,0
DA:146,0
DA:147,0
DA:150,0
DA:151,0
DA:152,0
DA:153,0
DA:156,0
DA:160,0
DA:166,0
DA:169,0
DA:170,0
DA:172,0
DA:175,0
DA:176,0
DA:178,0
DA:183,0
DA:189,0
DA:190,0
DA:192,0
DA:196,0
DA:197,0
DA:200,0
DA:203,0
DA:204,0
DA:207,0
DA:211,0
DA:212,0
DA:213,0
DA:214,0
DA:216,0
DA:224,0
DA:225,0
DA:229,0
DA:230,0
DA:231,0
DA:233,0
DA:238,0
DA:239,0
DA:240,0
DA:242,0
DA:247,0
DA:248,0
DA:249,0
DA:250,0
DA:252,0
DA:255,0
DA:256,0
DA:258,0
DA:264,0
DA:265,0
DA:266,0
DA:267,0
DA:269,0
DA:272,0
DA:273,0
DA:275,0
DA:281,0
DA:282,0
DA:283,0
DA:285,0
DA:290,0
DA:291,0
DA:292,0
DA:294,0
LF:108
LH:0
end_of_record
TN:
SF:src/modules/ROLES/OlympusRoles.sol
FN:12,13,RolesConsumer.onlyRole
FN:27,28,OlympusRoles.KEYCODE
FN:32,34,OlympusRoles.VERSION
FN:42,50,OlympusRoles.saveRole
FN:54,59,OlympusRoles.removeRole
FN:67,68,OlympusRoles.requireRole
FN:72,79,OlympusRoles.ensureValidRole
FNDA:7,RolesConsumer.onlyRole
FNDA:219,OlympusRoles.KEYCODE
FNDA:148,OlympusRoles.VERSION
FNDA:73,OlympusRoles.saveRole
FNDA:0,OlympusRoles.removeRole
FNDA:20,OlympusRoles.requireRole
FNDA:73,OlympusRoles.ensureValidRole
FNF:7
FNH:6
DA:12,7
DA:13,7
DA:27,219
DA:28,219
DA:32,148
DA:33,148
DA:34,148
DA:42,73
DA:43,0
DA:45,73
DA:48,73
DA:50,73
DA:54,0
DA:55,0
DA:57,0
DA:59,0
DA:67,20
DA:68,20
DA:72,73
DA:73,73
DA:74,2336
DA:75,2336
DA:76,0
DA:79,2336
LF:24
LH:18
end_of_record
TN:
SF:src/modules/TRSRY/OlympusTreasury.sol
FN:107,119,OlympusTreasury.incurDebt
FN:123,143,OlympusTreasury.repayDebt
FN:147,159,OlympusTreasury.setDebt
FN:163,164,OlympusTreasury.deactivate
FN:168,169,OlympusTreasury.activate
FN:177,178,OlympusTreasury.getReserveBalance
FN:20,21,OlympusTreasury.constructor
FN:25,26,OlympusTreasury.KEYCODE
FN:30,32,OlympusTreasury.VERSION
FN:40,52,OlympusTreasury.increaseWithdrawApproval
FN:56,66,OlympusTreasury.decreaseWithdrawApproval
FN:70,79,OlympusTreasury.withdrawReserves
FN:85,92,OlympusTreasury.increaseDebtorApproval
FN:96,103,OlympusTreasury.decreaseDebtorApproval
FNDA:0,OlympusTreasury.incurDebt
FNDA:0,OlympusTreasury.repayDebt
FNDA:42,OlympusTreasury.setDebt
FNDA:0,OlympusTreasury.deactivate
FNDA:0,OlympusTreasury.activate
FNDA:0,OlympusTreasury.getReserveBalance
FNDA:73,OlympusTreasury.constructor
FNDA:252,OlympusTreasury.KEYCODE
FNDA:75,OlympusTreasury.VERSION
FNDA:32,OlympusTreasury.increaseWithdrawApproval
FNDA:0,OlympusTreasury.decreaseWithdrawApproval
FNDA:32,OlympusTreasury.withdrawReserves
FNDA:0,OlympusTreasury.increaseDebtorApproval
FNDA:0,OlympusTreasury.decreaseDebtorApproval
FNF:14
FNH:6
DA:20,73
DA:21,73
DA:25,252
DA:26,252
DA:30,75
DA:31,75
DA:32,75
DA:40,32
DA:45,32
DA:47,32
DA:50,32
DA:52,32
DA:56,0
DA:61,0
DA:63,0
DA:64,0
DA:66,0
DA:70,32
DA:75,32
DA:77,32
DA:79,32
DA:85,0
DA:90,0
DA:91,0
DA:92,0
DA:96,0
DA:101,0
DA:102,0
DA:103,0
DA:107,0
DA:111,0
DA:114,0
DA:115,0
DA:117,0
DA:119,0
DA:123,0
DA:128,0
DA:131,0
DA:132,0
DA:134,0
DA:137,0
DA:140,0
DA:141,0
DA:143,0
DA:147,42
DA:152,42
DA:154,42
DA:156,42
DA:157,10
DA:159,42
DA:163,0
DA:164,0
DA:168,0
DA:169,0
DA:177,0
DA:178,0
LF:56
LH:22
end_of_record
TN:
SF:src/modules/TRSRY/TRSRY.v1.sol
FN:59,60,TRSRYv1.onlyWhileActive
FNDA:32,TRSRYv1.onlyWhileActive
FNF:1
FNH:1
DA:59,32
DA:60,32
LF:2
LH:2
end_of_record
TN:
SF:src/policies/cooler/MonoCooler.sol
FN:1000,1003,MonoCooler._minCollateral
FN:1009,1011,MonoCooler._validateOriginationLtv
FN:1018,1023,MonoCooler._calculateCurrentLtv
FN:1032,1043,MonoCooler._computeLiquidity
FN:1056,1077,MonoCooler._currentAccountDebt
FN:135,162,MonoCooler.constructor
FN:166,201,MonoCooler.configureDependencies
FN:205,221,MonoCooler.requestPermissions
FN:229,236,MonoCooler.addCollateral
FN:247,253,MonoCooler.withdrawCollateral
FN:269,274,MonoCooler.borrow
FN:285,290,MonoCooler.repay
FN:305,326,MonoCooler.addCollateralAndBorrow
FN:337,376,MonoCooler.addCollateralAndBorrowOnBehalfOf
FN:380,401,MonoCooler.repayAndWithdrawCollateral
FN:417,420,MonoCooler.applyDelegations
FN:424,439,MonoCooler.applyUnhealthyDelegations
FN:458,512,MonoCooler.batchLiquidate
FN:521,538,MonoCooler.setLoanToValue
FN:543,545,MonoCooler.setLiquidationsPaused
FN:549,551,MonoCooler.setBorrowPaused
FN:555,562,MonoCooler.setInterestRateBps
FN:566,570,MonoCooler.setMaxDelegateAddresses
FN:574,580,MonoCooler.checkpointDebt
FN:588,600,MonoCooler.debtDeltaForMaxOriginationLtv
FN:604,625,MonoCooler.accountPosition
FN:634,641,MonoCooler.computeLiquidity
FN:646,651,MonoCooler.accountDelegationsList
FN:655,656,MonoCooler.accountState
FN:660,667,MonoCooler.globalState
FN:693,699,MonoCooler._globalStateRW
FN:707,708,MonoCooler._globalStateRO
FN:714,742,MonoCooler._initGlobalStateCache
FN:750,779,MonoCooler._addCollateral
FN:782,833,MonoCooler._withdrawCollateral
FN:840,890,MonoCooler._borrow
FN:893,930,MonoCooler._repay
FN:937,950,MonoCooler._fundFromTreasury
FN:953,965,MonoCooler._repayTreasury
FN:974,976,MonoCooler._reduceTotalDebt
FN:990,993,MonoCooler._maxDebt
FNDA:3,MonoCooler._minCollateral
FNDA:37,MonoCooler._validateOriginationLtv
FNDA:124,MonoCooler._calculateCurrentLtv
FNDA:81,MonoCooler._computeLiquidity
FNDA:164,MonoCooler._currentAccountDebt
FNDA:75,MonoCooler.constructor
FNDA:75,MonoCooler.configureDependencies
FNDA:74,MonoCooler.requestPermissions
FNDA:37,MonoCooler.addCollateral
FNDA:12,MonoCooler.withdrawCollateral
FNDA:29,MonoCooler.borrow
FNDA:12,MonoCooler.repay
FNDA:7,MonoCooler.addCollateralAndBorrow
FNDA:3,MonoCooler.addCollateralAndBorrowOnBehalfOf
FNDA:3,MonoCooler.repayAndWithdrawCollateral
FNDA:4,MonoCooler.applyDelegations
FNDA:0,MonoCooler.applyUnhealthyDelegations
FNDA:0,MonoCooler.batchLiquidate
FNDA:7,MonoCooler.setLoanToValue
FNDA:4,MonoCooler.setLiquidationsPaused
FNDA:5,MonoCooler.setBorrowPaused
FNDA:2,MonoCooler.setInterestRateBps
FNDA:2,MonoCooler.setMaxDelegateAddresses
FNDA:4,MonoCooler.checkpointDebt
FNDA:19,MonoCooler.debtDeltaForMaxOriginationLtv
FNDA:43,MonoCooler.accountPosition
FNDA:38,MonoCooler.computeLiquidity
FNDA:11,MonoCooler.accountDelegationsList
FNDA:36,MonoCooler.accountState
FNDA:28,MonoCooler.globalState
FNDA:59,MonoCooler._globalStateRW
FNDA:140,MonoCooler._globalStateRO
FNDA:199,MonoCooler._initGlobalStateCache
FNDA:47,MonoCooler._addCollateral
FNDA:15,MonoCooler._withdrawCollateral
FNDA:39,MonoCooler._borrow
FNDA:15,MonoCooler._repay
FNDA:32,MonoCooler._fundFromTreasury
FNDA:10,MonoCooler._repayTreasury
FNDA:10,MonoCooler._reduceTotalDebt
FNDA:74,MonoCooler._maxDebt
FNF:41
FNH:39
DA:135,75
DA:146,75
DA:147,75
DA:148,75
DA:149,75
DA:150,75
DA:151,75
DA:154,75
DA:155,74
DA:157,73
DA:158,73
DA:159,73
DA:161,73
DA:162,73
DA:166,75
DA:167,75
DA:168,75
DA:169,75
DA:170,75
DA:171,75
DA:172,75
DA:174,75
DA:175,75
DA:176,75
DA:177,75
DA:178,75
DA:180,75
DA:181,75
DA:182,75
DA:183,75
DA:184,75
DA:188,75
DA:190,75
DA:191,74
DA:192,74
DA:193,74
DA:194,74
DA:195,1
DA:198,74
DA:201,74
DA:205,74
DA:206,74
DA:207,74
DA:208,74
DA:209,74
DA:211,74
DA:212,74
DA:213,74
DA:214,74
DA:215,74
DA:216,74
DA:217,74
DA:218,74
DA:219,74
DA:220,74
DA:221,74
DA:229,37
DA:235,37
DA:236,37
DA:247,12
DA:252,12
DA:253,12
DA:269,29
DA:273,29
DA:274,29
DA:285,12
DA:289,12
DA:290,12
DA:305,7
DA:311,7
DA:312,7
DA:313,7
DA:316,7
DA:326,7
DA:337,3
DA:342,3
DA:343,3
DA:344,3
DA:347,3
DA:354,3
DA:364,3
DA:365,3
DA:376,3
DA:380,3
DA:386,3
DA:387,3
DA:388,3
DA:391,3
DA:401,3
DA:417,4
DA:420,4
DA:424,0
DA:428,0
DA:429,0
DA:430,0
DA:431,0
DA:435,0
DA:436,0
DA:439,0
DA:458,0
DA:462,0
DA:464,0
DA:465,0
DA:466,0
DA:467,0
DA:468,0
DA:469,0
DA:470,0
DA:473,0
DA:474,0
DA:477,0
DA:478,0
DA:481,0
DA:484,0
DA:488,0
DA:490,0
DA:491,0
DA:494,0
DA:499,0
DA:501,0
DA:502,0
DA:507,0
DA:511,0
DA:512,0
DA:521,7
DA:525,6
DA:526,6
DA:528,2
DA:529,1
DA:530,1
DA:533,5
DA:534,5
DA:536,3
DA:537,1
DA:538,1
DA:543,4
DA:544,3
DA:545,3
DA:549,5
DA:550,4
DA:551,4
DA:555,2
DA:559,1
DA:561,1
DA:562,1
DA:566,2
DA:570,1
DA:574,4
DA:579,4
DA:580,4
DA:588,19
DA:592,19
DA:593,19
DA:595,19
DA:596,19
DA:598,18
DA:599,18
DA:600,18
DA:604,43
DA:607,43
DA:608,43
DA:609,43
DA:611,43
DA:612,43
DA:613,43
DA:614,43
DA:618,43
DA:621,43
DA:625,43
DA:634,38
DA:637,38
DA:638,38
DA:639,38
DA:640,38
DA:641,38
DA:646,11
DA:651,11
DA:655,36
DA:656,36
DA:660,28
DA:666,28
DA:667,28
DA:693,59
DA:694,59
DA:697,11
DA:698,11
DA:699,11
DA:707,140
DA:708,140
DA:714,199
DA:718,199
DA:719,199
DA:722,199
DA:725,199
DA:727,199
DA:730,199
DA:731,32
DA:734,32
DA:739,32
DA:742,32
DA:750,47
DA:758,47
DA:759,46
DA:761,45
DA:763,45
DA:764,45
DA:767,45
DA:770,45
DA:773,8
DA:774,7
DA:779,43
DA:782,15
DA:791,15
DA:792,14
DA:794,13
DA:796,2
DA:799,13
DA:801,13
DA:802,3
DA:803,3
DA:804,2
DA:807,1
DA:812,2
DA:814,10
DA:815,10
DA:816,7
DA:819,9
DA:822,2
DA:823,8
DA:826,2
DA:827,4
DA:828,4
DA:832,7
DA:833,7
DA:840,39
DA:848,1
DA:849,38
DA:850,37
DA:853,36
DA:857,36
DA:858,13
DA:859,13
DA:860,11
DA:863,2
DA:868,11
DA:870,23
DA:871,23
DA:874,34
DA:875,1
DA:878,33
DA:879,33
DA:881,33
DA:883,33
DA:886,33
DA:887,33
DA:890,33
DA:893,15
DA:901,15
DA:902,14
DA:906,13
DA:907,13
DA:910,12
DA:911,8
DA:914,8
DA:915,8
DA:916,2
DA:918,4
DA:919,4
DA:922,6
DA:925,6
DA:927,10
DA:930,6
DA:937,32
DA:938,32
DA:939,32
DA:947,32
DA:948,32
DA:949,32
DA:950,32
DA:953,10
DA:954,10
DA:955,10
DA:963,10
DA:964,9
DA:965,10
DA:974,10
DA:976,10
DA:990,74
DA:993,74
DA:1000,3
DA:1003,3
DA:1009,37
DA:1010,37
DA:1011,2
DA:1018,124
DA:1022,124
DA:1023,124
DA:1032,81
DA:1036,81
DA:1039,81
DA:1040,81
DA:1042,81
DA:1043,81
DA:1056,164
DA:1061,164
DA:1064,89
DA:1065,59
DA:1068,30
DA:1077,30
LF:309
LH:276
end_of_record
TN:
SF:src/policies/RolesAdmin.sol
FN:33,34,RolesAdmin.constructor
FN:37,48,RolesAdmin.configureDependencies
FN:51,56,RolesAdmin.requestPermissions
FN:63,64,RolesAdmin.onlyAdmin
FN:68,69,RolesAdmin.grantRole
FN:72,73,RolesAdmin.revokeRole
FN:80,82,RolesAdmin.pushNewAdmin
FN:85,89,RolesAdmin.pullNewAdmin
FNDA:73,RolesAdmin.constructor
FNDA:73,RolesAdmin.configureDependencies
FNDA:73,RolesAdmin.requestPermissions
FNDA:73,RolesAdmin.onlyAdmin
FNDA:73,RolesAdmin.grantRole
FNDA:0,RolesAdmin.revokeRole
FNDA:0,RolesAdmin.pushNewAdmin
FNDA:0,RolesAdmin.pullNewAdmin
FNF:8
FNH:5
DA:33,73
DA:34,73
DA:37,73
DA:38,73
DA:39,73
DA:41,73
DA:43,73
DA:47,73
DA:48,73
DA:51,73
DA:52,73
DA:54,73
DA:55,73
DA:56,73
DA:63,73
DA:64,73
DA:68,73
DA:69,73
DA:72,0
DA:73,0
DA:80,0
DA:81,0
DA:82,0
DA:85,0
DA:86,0
DA:87,0
DA:88,0
DA:89,0
LF:28
LH:18
end_of_record
