TN:
SF:src/policies/PriceConfig.sol
FN:17,
FNDA:0,
FN:23,configureReads
FNDA:0,configureReads
DA:24,0
DA:25,0
FN:28,requestRoles
FNDA:0,requestRoles
DA:34,0
DA:35,0
FN:46,initialize
FNDA:0,initialize
DA:50,0
FN:59,changeMovingAverageDuration
FNDA:0,changeMovingAverageDuration
DA:63,0
FN:70,changeObservationFrequency
FNDA:0,changeObservationFrequency
DA:74,0
FNF:6
FNH:0
LF:7
LH:0
BRF:0
BRH:0
end_of_record
TN:
SF:src/scripts/Deploy.sol
FN:96,deploy
FNDA:0,deploy
DA:97,0
DA:100,0
DA:101,0
DA:110,0
DA:111,0
DA:113,0
DA:114,0
DA:116,0
DA:117,0
DA:119,0
DA:126,0
DA:128,0
DA:133,0
DA:136,0
DA:137,0
DA:139,0
DA:155,0
DA:157,0
DA:158,0
DA:160,0
DA:161,0
DA:169,0
DA:170,0
DA:176,0
DA:177,0
DA:178,0
DA:179,0
DA:180,0
DA:183,0
DA:184,0
DA:185,0
DA:186,0
DA:190,0
DA:196,0
DA:203,0
DA:208,0
DA:213,0
DA:218,0
DA:223,0
DA:228,0
DA:233,0
DA:238,0
DA:243,0
DA:248,0
DA:253,0
DA:260,0
DA:266,0
DA:272,0
DA:277,0
DA:282,0
DA:287,0
DA:292,0
DA:299,0
DA:306,0
DA:307,0
DA:308,0
DA:309,0
DA:312,0
DA:317,0
FN:321,initialize
FNDA:0,initialize
DA:326,0
DA:329,0
DA:330,0
DA:333,0
DA:336,0
DA:339,0
DA:346,0
DA:349,0
FN:357,deploy
FNDA:0,deploy
DA:358,0
DA:361,0
DA:362,0
DA:366,0
DA:367,0
DA:373,0
DA:374,0
DA:376,0
FNF:3
FNH:0
LF:75
LH:0
BRF:0
BRH:0
end_of_record
TN:
SF:src/test/mocks/MockAuthGiver.sol
FN:13,
FNDA:0,
FN:16,configureReads
FNDA:0,configureReads
DA:17,0
FN:20,requestRoles
FNDA:0,requestRoles
DA:27,0
DA:28,0
FN:32,setUserRole
FNDA:0,setUserRole
DA:33,0
FN:36,setRoleCapability
FNDA:0,setRoleCapability
DA:41,0
FNF:5
FNH:0
LF:5
LH:0
BRF:0
BRH:0
end_of_record
TN:
SF:src/modules/INSTR.sol
FN:21,
FNDA:1,
FN:23,KEYCODE
FNDA:0,KEYCODE
DA:24,0
FN:27,ROLES
FNDA:0,ROLES
DA:28,0
DA:29,0
FN:63,getInstructions
FNDA:45,getInstructions
DA:68,45
FN:71,store
FNDA:28,store
DA:76,28
DA:77,28
DA:80,28
DA:85,28
BRDA:85,0,0,1
DA:86,1
DA:90,27
DA:92,28
DA:95,28
DA:99,27
BRDA:98,1,0,1
DA:102,1
DA:103,1
DA:104,0
BRDA:98,1,1,26
DA:106,26
BRDA:105,2,0,1
DA:114,1
DA:117,25
DA:120,24
DA:122,24
FN:127,_ensureContract
FNDA:28,_ensureContract
DA:128,28
DA:130,28
DA:132,28
BRDA:132,3,0,1
FN:135,_ensureValidKeycode
FNDA:1,_ensureValidKeycode
DA:136,1
DA:138,1
DA:139,1
DA:141,1
BRDA:141,4,0,1
DA:144,0
FNF:7
FNH:5
LF:29
LH:24
BRF:6
BRH:6
end_of_record
TN:
SF:src/modules/VOTES.sol
FN:14,
FNDA:0,
FN:19,KEYCODE
FNDA:0,KEYCODE
DA:20,0
FN:23,ROLES
FNDA:0,ROLES
DA:24,0
DA:25,0
FN:30,mintTo
FNDA:2,mintTo
DA:34,2
FN:37,burnFrom
FNDA:1,burnFrom
DA:41,1
FNF:5
FNH:2
LF:5
LH:2
BRF:0
BRH:0
end_of_record
TN:
SF:src/policies/BondCallback.sol
FN:42,
FNDA:0,
DA:47,0
DA:48,0
FN:53,configureReads
FNDA:0,configureReads
DA:54,0
DA:55,0
DA:56,0
FN:59,requestRoles
FNDA:0,requestRoles
DA:65,0
DA:66,0
DA:67,0
FN:73,whitelist
FNDA:10,whitelist
DA:78,10
FN:84,callback
FNDA:0,callback
DA:90,0
BRDA:90,0,0,-
DA:91,0
DA:94,0
DA:100,0
BRDA:99,1,0,-
DA:102,0
DA:105,0
BRDA:105,2,0,-
DA:107,0
DA:108,0
DA:111,0
BRDA:105,2,1,-
DA:112,0
BRDA:112,3,0,-
DA:114,0
BRDA:112,3,1,-
DA:115,0
BRDA:115,4,0,-
DA:117,0
BRDA:115,4,1,-
DA:120,0
DA:125,0
DA:126,0
DA:127,0
DA:128,0
DA:131,0
FN:138,batchToTreasury
FNDA:0,batchToTreasury
DA:139,0
DA:140,0
DA:141,0
DA:142,0
DA:143,0
DA:144,0
DA:145,0
DA:146,0
FN:153,amountsForMarket
FNDA:0,amountsForMarket
DA:159,0
DA:160,0
FN:167,setOperator
FNDA:0,setOperator
DA:168,0
BRDA:168,5,0,-
DA:169,0
FNF:8
FNH:1
LF:40
LH:1
BRF:9
BRH:0
end_of_record
TN:
SF:src/test/mocks/MockModuleWriter.sol
FN:12,
FNDA:0,
DA:13,0
FN:17,configureReads
FNDA:0,configureReads
FN:19,requestRoles
FNDA:0,requestRoles
DA:26,0
FN:30,
FNDA:41,
DA:31,41
DA:32,41
BRDA:32,0,0,21
DA:33,21
BRDA:33,1,0,-
DA:38,20
FNF:4
FNH:1
LF:6
LH:4
BRF:2
BRH:1
end_of_record
TN:
SF:src/test/mocks/MockPrice.sol
FN:23,
FNDA:0,
DA:24,0
DA:25,3
FN:29,KEYCODE
FNDA:0,KEYCODE
DA:30,0
FN:33,ROLES
FNDA:0,ROLES
DA:34,0
DA:35,0
DA:36,0
FN:40,updateMovingAverage
FNDA:3,updateMovingAverage
DA:41,3
BRDA:41,0,0,-
FN:44,setResult
FNDA:0,setResult
DA:45,0
FN:49,initialize
FNDA:0,initialize
FN:54,changeMovingAverageDuration
FNDA:0,changeMovingAverageDuration
FN:58,changeObservationFrequency
FNDA:0,changeObservationFrequency
DA:59,0
FN:63,getMovingAverage
FNDA:243,getMovingAverage
DA:64,243
FN:67,getLastPrice
FNDA:194,getLastPrice
DA:68,194
FN:71,getCurrentPrice
FNDA:0,getCurrentPrice
DA:72,0
FN:76,setMovingAverage
FNDA:2,setMovingAverage
DA:77,2
FN:80,setLastPrice
FNDA:36,setLastPrice
DA:81,36
FN:84,setCurrentPrice
FNDA:0,setCurrentPrice
DA:85,0
FN:88,setDecimals
FNDA:0,setDecimals
DA:89,0
FNF:15
FNH:5
LF:16
LH:6
BRF:1
BRH:0
end_of_record
TN:
SF:src/modules/AUTHR.sol
FN:36,
FNDA:0,
FN:42,ROLES
FNDA:0,ROLES
DA:43,0
DA:44,0
FNF:2
FNH:0
LF:2
LH:0
BRF:0
BRH:0
end_of_record
TN:
SF:src/test/mocks/MockPriceFeed.sol
FN:11,setLatestAnswer
FNDA:0,setLatestAnswer
DA:12,0
FN:15,latestAnswer
FNDA:0,latestAnswer
DA:16,0
FN:19,setDecimals
FNDA:0,setDecimals
DA:20,0
FN:23,decimals
FNDA:0,decimals
DA:24,0
FN:27,setTimestamp
FNDA:0,setTimestamp
DA:28,0
FN:31,latestTimestamp
FNDA:0,latestTimestamp
DA:32,0
FN:35,latestRoundData
FNDA:0,latestRoundData
DA:47,0
FN:52,latestRound
FNDA:0,latestRound
FN:54,getAnswer
FNDA:0,getAnswer
FN:61,getTimestamp
FNDA:0,getTimestamp
FN:68,description
FNDA:0,description
FN:70,version
FNDA:0,version
FN:75,getRoundData
FNDA:0,getRoundData
FNF:13
FNH:0
LF:7
LH:0
BRF:0
BRH:0
end_of_record
TN:
SF:src/policies/VoterRegistration.sol
FN:18,
FNDA:0,
FN:23,configureReads
FNDA:0,configureReads
DA:24,0
DA:25,0
FN:28,requestRoles
FNDA:0,requestRoles
DA:35,0
DA:36,0
FN:53,issueVotesTo
FNDA:2,issueVotesTo
DA:58,2
FN:61,revokeVotesFrom
FNDA:1,revokeVotesFrom
DA:66,1
FNF:5
FNH:2
LF:6
LH:2
BRF:0
BRH:0
end_of_record
TN:
SF:src/test/lib/bonds/BondFixedTermCDA.sol
FN:24,
FNDA:0,
FN:33,createMarket
FNDA:10,createMarket
DA:38,10
FNF:2
FNH:1
LF:1
LH:1
BRF:0
BRH:0
end_of_record
TN:
SF:src/test/lib/bonds/BondFixedTermTeller.sol
FN:45,
FNDA:0,
FN:60,_handlePayout
FNDA:0,_handlePayout
DA:77,0
BRDA:77,0,0,-
DA:79,0
DA:85,0
DA:88,0
BRDA:88,1,0,-
DA:89,0
DA:93,0
BRDA:77,0,1,-
DA:96,0
FN:103,create
FNDA:0,create
DA:108,0
DA:111,0
BRDA:111,2,0,-
DA:112,0
DA:117,0
DA:118,0
DA:119,0
BRDA:119,3,0,-
DA:120,0
DA:123,0
DA:127,0
BRDA:127,4,0,-
DA:129,0
DA:133,0
DA:136,0
DA:138,0
BRDA:127,4,1,-
DA:141,0
DA:143,0
FN:149,_redeem
FNDA:0,_redeem
DA:150,0
DA:152,0
BRDA:152,5,0,-
DA:153,0
DA:155,0
DA:156,0
FN:160,redeem
FNDA:0,redeem
DA:165,0
FN:169,batchRedeem
FNDA:0,batchRedeem
DA:173,0
DA:174,0
DA:175,0
FN:182,deploy
FNDA:0,deploy
DA:188,0
DA:190,0
BRDA:190,6,0,-
DA:191,0
DA:193,0
FN:201,_deploy
FNDA:0,_deploy
DA:206,0
DA:208,0
FN:215,_mintToken
FNDA:0,_mintToken
DA:220,0
DA:221,0
FN:228,_burnToken
FNDA:0,_burnToken
DA:233,0
DA:234,0
FN:240,getTokenId
FNDA:0,getTokenId
DA:248,0
DA:251,0
FN:255,getTokenNameAndSymbol
FNDA:0,getTokenNameAndSymbol
DA:261,0
DA:262,0
DA:266,0
FNF:12
FNH:0
LF:46
LH:0
BRF:9
BRH:0
end_of_record
TN:
SF:src/scripts/HeartDeploy.sol
FN:41,deploy
FNDA:0,deploy
DA:42,0
DA:45,0
DA:46,0
DA:47,0
DA:51,0
DA:52,0
DA:54,0
DA:55,0
DA:60,0
DA:61,0
DA:64,0
DA:70,0
DA:75,0
DA:80,0
DA:85,0
DA:92,0
DA:95,0
DA:97,0
FNF:1
FNH:0
LF:18
LH:0
BRF:0
BRH:0
end_of_record
TN:
SF:src/test/lib/bonds/BondAggregator.sol
FN:57,
FNDA:10,
FN:62,registerAuctioneer
FNDA:0,registerAuctioneer
DA:67,0
DA:68,0
FN:72,registerMarket
FNDA:10,registerMarket
DA:77,10
BRDA:77,0,0,-
DA:78,10
DA:79,10
DA:80,10
DA:81,10
DA:82,10
FN:88,getAuctioneer
FNDA:0,getAuctioneer
DA:93,0
FN:97,marketPrice
FNDA:0,marketPrice
DA:98,0
DA:99,0
FN:103,payoutFor
FNDA:0,payoutFor
DA:109,0
DA:110,0
FN:114,maxAmountAccepted
FNDA:0,maxAmountAccepted
DA:115,0
DA:116,0
FN:120,isInstantSwap
FNDA:0,isInstantSwap
DA:121,0
DA:122,0
FN:126,isLive
FNDA:0,isLive
DA:127,0
DA:128,0
FN:132,liveMarketsBetween
FNDA:0,liveMarketsBetween
DA:138,0
DA:139,0
DA:140,0
BRDA:140,1,0,-
DA:143,0
DA:144,0
DA:145,0
DA:146,0
BRDA:146,2,0,-
DA:147,0
DA:148,0
DA:151,0
FN:155,liveMarketsFor
FNDA:0,liveMarketsFor
DA:161,0
DA:163,0
DA:165,0
DA:166,0
DA:168,0
DA:169,0
BRDA:169,3,0,-
DA:172,0
DA:173,0
DA:175,0
DA:176,0
BRDA:176,4,0,-
DA:177,0
DA:178,0
DA:182,0
FN:186,marketsFor
FNDA:0,marketsFor
DA:191,0
DA:192,0
DA:194,0
DA:195,0
DA:196,0
DA:197,0
DA:198,0
DA:199,0
DA:202,0
BRDA:202,5,0,-
DA:205,0
DA:206,0
DA:208,0
DA:209,0
DA:210,0
DA:213,0
BRDA:213,6,0,-
DA:214,0
DA:215,0
DA:219,0
FN:223,findMarketFor
FNDA:0,findMarketFor
DA:230,0
DA:231,0
DA:232,0
DA:234,0
DA:235,0
DA:236,0
DA:237,0
DA:238,0
DA:239,0
DA:240,0
DA:241,0
DA:245,0
DA:249,0
BRDA:249,7,0,-
DA:250,0
DA:254,0
BRDA:254,8,0,-
DA:255,0
DA:256,0
DA:261,0
FN:264,liveMarketsBy
FNDA:0,liveMarketsBy
DA:269,0
DA:270,0
DA:271,0
DA:272,0
DA:273,0
BRDA:273,9,0,-
DA:274,0
DA:278,0
DA:279,0
DA:280,0
DA:281,0
DA:282,0
BRDA:282,10,0,-
DA:283,0
DA:284,0
DA:288,0
FN:292,getTeller
FNDA:0,getTeller
DA:293,0
DA:294,0
FN:298,currentCapacity
FNDA:0,currentCapacity
DA:299,0
DA:300,0
FNF:16
FNH:2
LF:96
LH:6
BRF:11
BRH:0
end_of_record
TN:
SF:src/modules/RANGE.sol
FN:78,
FNDA:0,
DA:83,0
DA:110,0
DA:111,0
DA:112,0
FN:117,KEYCODE
FNDA:0,KEYCODE
DA:118,0
FN:121,ROLES
FNDA:0,ROLES
DA:122,0
DA:123,0
FN:131,updateCapacity
FNDA:223,updateCapacity
DA:135,112
BRDA:135,0,0,112
DA:137,112
DA:140,112
BRDA:140,1,0,12
DA:142,12
DA:143,12
DA:149,12
BRDA:135,0,1,111
DA:153,111
DA:156,111
BRDA:156,2,0,11
DA:158,11
DA:159,11
DA:165,11
FN:173,updatePrices
FNDA:149,updatePrices
DA:175,149
DA:176,149
DA:179,149
DA:182,149
DA:186,149
DA:189,149
FN:198,regenerate
FNDA:107,regenerate
DA:202,107
DA:204,54
BRDA:204,3,0,54
DA:206,54
BRDA:204,3,1,53
DA:215,53
DA:224,107
FN:232,updateMarket
FNDA:24,updateMarket
DA:238,24
BRDA:238,4,0,2
DA:239,2
DA:242,13
BRDA:242,5,0,13
DA:243,13
BRDA:242,5,1,9
DA:245,9
DA:249,22
BRDA:249,6,0,10
DA:250,10
BRDA:249,6,1,12
DA:252,12
FN:261,setSpreads
FNDA:15,setSpreads
DA:267,15
BRDA:266,7,0,12
DA:272,12
DA:275,3
DA:276,3
FN:283,setThresholdFactor
FNDA:6,setThresholdFactor
DA:288,6
BRDA:288,8,0,2
DA:289,2
DA:292,1
FN:298,range
FNDA:125,range
DA:299,125
FN:304,capacity
FNDA:334,capacity
DA:305,169
BRDA:305,9,0,169
DA:306,169
BRDA:305,9,1,165
DA:308,165
FN:314,active
FNDA:106,active
DA:315,55
BRDA:315,10,0,55
DA:316,55
BRDA:315,10,1,51
DA:318,51
FN:325,price
FNDA:173,price
DA:326,154
BRDA:326,11,0,154
DA:327,108
BRDA:327,12,0,108
DA:328,108
BRDA:327,12,1,46
DA:330,46
BRDA:326,11,1,19
DA:333,10
BRDA:333,13,0,10
DA:334,10
BRDA:333,13,1,9
DA:336,9
FN:343,spread
FNDA:65,spread
DA:344,62
BRDA:344,14,0,62
DA:345,62
BRDA:344,14,1,3
DA:347,3
FN:353,market
FNDA:98,market
DA:354,53
BRDA:354,15,0,53
DA:355,53
BRDA:354,15,1,45
DA:357,45
FN:363,lastActive
FNDA:196,lastActive
DA:364,98
BRDA:364,16,0,98
DA:365,98
BRDA:364,16,1,98
DA:367,98
FNF:16
FNH:13
LF:67
LH:60
BRF:29
BRH:29
end_of_record
TN:
SF:src/test/mocks/MockInvalidModule.sol
FN:7,
FNDA:0,
FN:9,KEYCODE
FNDA:1,KEYCODE
DA:10,1
FN:13,ROLES
FNDA:0,ROLES
DA:14,0
FNF:3
FNH:1
LF:2
LH:1
BRF:0
BRH:0
end_of_record
TN:
SF:src/policies/Governance.sol
FN:56,
FNDA:20,
FN:58,configureReads
FNDA:4,configureReads
DA:59,4
DA:60,4
FN:63,requestRoles
FNDA:4,requestRoles
DA:70,4
DA:71,4
FN:113,getMetadata
FNDA:1,getMetadata
DA:118,1
FN:121,getActiveProposal
FNDA:3,getActiveProposal
DA:126,3
FN:129,submitProposal
FNDA:24,submitProposal
DA:134,24
BRDA:134,0,0,1
DA:135,1
DA:139,23
DA:140,23
DA:147,23
FN:150,endorseProposal
FNDA:41,endorseProposal
DA:152,41
DA:155,41
BRDA:155,1,0,1
DA:156,1
DA:160,40
DA:163,40
BRDA:163,2,0,1
DA:164,1
DA:168,39
DA:171,39
DA:174,39
DA:175,39
DA:178,39
FN:181,activateProposal
FNDA:20,activateProposal
DA:183,20
DA:186,20
BRDA:186,3,0,1
DA:187,1
DA:191,19
BRDA:191,4,0,1
DA:192,1
DA:197,18
BRDA:196,5,0,1
DA:200,1
DA:204,17
BRDA:204,6,0,1
DA:205,1
DA:209,16
BRDA:209,7,0,1
DA:210,1
DA:214,15
DA:217,15
DA:220,15
FN:223,vote
FNDA:16,vote
DA:225,16
DA:228,16
BRDA:228,8,0,1
DA:229,1
DA:234,15
BRDA:233,9,0,1
DA:236,1
DA:240,10
BRDA:240,10,0,10
DA:241,10
BRDA:240,10,1,4
DA:242,4
BRDA:242,11,0,4
DA:243,4
DA:247,14
DA:252,14
DA:255,14
FN:263,executeProposal
FNDA:6,executeProposal
DA:266,6
BRDA:265,12,0,1
DA:271,1
DA:275,5
BRDA:275,13,0,1
DA:276,1
DA:280,4
DA:284,4
DA:285,4
DA:292,4
DA:295,4
FN:298,reclaimVotes
FNDA:4,reclaimVotes
DA:300,4
DA:303,4
BRDA:303,14,0,1
DA:304,1
DA:308,3
BRDA:308,15,0,1
DA:309,1
DA:313,2
DA:316,2
FNF:11
FNH:11
LF:64
LH:64
BRF:17
BRH:17
end_of_record
TN:
SF:src/policies/Heart.sol
FN:57,
FNDA:0,
DA:63,0
DA:65,0
DA:66,0
DA:67,0
DA:68,0
FN:72,configureReads
FNDA:0,configureReads
DA:73,0
DA:74,0
FN:77,requestRoles
FNDA:0,requestRoles
DA:83,0
DA:84,0
FN:90,beat
FNDA:6,beat
DA:91,6
BRDA:91,0,0,1
DA:92,5
BRDA:92,1,0,2
DA:95,3
DA:98,3
DA:101,3
DA:104,3
DA:107,3
FN:111,_issueReward
FNDA:3,_issueReward
DA:112,3
FN:117,frequency
FNDA:12,frequency
DA:118,12
FN:124,resetBeat
FNDA:1,resetBeat
DA:125,1
FN:129,toggleBeat
FNDA:3,toggleBeat
DA:130,3
FN:134,setRewardTokenAndAmount
FNDA:1,setRewardTokenAndAmount
DA:138,1
DA:139,1
DA:140,1
FN:144,withdrawUnspentRewards
FNDA:1,withdrawUnspentRewards
DA:145,1
FNF:10
FNH:7
LF:24
LH:15
BRF:2
BRH:2
end_of_record
TN:
SF:src/scripts/OperatorDeploy.sol
FN:54,deploy
FNDA:0,deploy
DA:55,0
DA:58,0
DA:59,0
DA:60,0
DA:62,0
DA:78,0
DA:82,0
DA:83,0
DA:87,0
DA:88,0
DA:91,0
DA:97,0
DA:104,0
DA:109,0
DA:114,0
DA:119,0
DA:126,0
DA:132,0
DA:138,0
DA:143,0
DA:148,0
DA:153,0
DA:160,0
DA:163,0
DA:165,0
FNF:1
FNH:0
LF:25
LH:0
BRF:0
BRH:0
end_of_record
TN:
SF:src/Kernel.sol
FN:135,
FNDA:0,
DA:136,0
FN:148,executeAction
FNDA:5,executeAction
DA:152,5
BRDA:152,0,0,-
DA:153,0
BRDA:152,0,1,5
DA:154,5
BRDA:154,1,0,-
DA:155,0
BRDA:154,1,1,5
DA:156,5
BRDA:156,2,0,4
DA:157,4
BRDA:156,2,1,1
DA:158,1
BRDA:158,3,0,1
DA:159,1
BRDA:158,3,1,-
DA:160,0
BRDA:160,4,0,-
DA:161,0
DA:164,5
FN:169,_installModule
FNDA:0,_installModule
DA:170,0
DA:173,0
BRDA:173,5,0,-
DA:174,0
DA:176,0
DA:177,0
FN:180,_upgradeModule
FNDA:0,_upgradeModule
DA:181,0
DA:182,0
DA:184,0
BRDA:184,6,0,-
DA:185,0
DA:187,0
DA:188,0
DA:189,0
DA:191,0
FN:194,_approvePolicy
FNDA:4,_approvePolicy
DA:195,4
BRDA:195,7,0,-
DA:196,0
DA:198,4
DA:200,4
DA:202,4
DA:204,4
DA:206,4
FN:209,_terminatePolicy
FNDA:1,_terminatePolicy
DA:210,1
BRDA:210,8,0,-
DA:211,0
DA:213,1
DA:215,1
DA:217,1
FN:220,_reconfigurePolicies
FNDA:0,_reconfigurePolicies
DA:221,0
DA:222,0
DA:224,0
BRDA:224,9,0,-
DA:225,0
FN:229,_setPolicyRoles
FNDA:5,_setPolicyRoles
DA:234,5
DA:236,5
DA:237,7
DA:239,7
DA:241,7
DA:244,7
FNF:8
FNH:4
LF:47
LH:23
BRF:14
BRH:5
end_of_record
TN:
SF:src/policies/Operator.sol
FN:81,
FNDA:48,
DA:90,47
BRDA:89,0,0,115
DA:92,115
DA:94,115
BRDA:93,1,0,58
DA:96,58
DA:97,58
BRDA:97,2,0,58
DA:99,58
BRDA:98,3,0,58
DA:101,58
DA:102,58
BRDA:102,4,0,58
DA:103,58
DA:105,58
BRDA:104,5,0,-
DA:108,0
DA:110,1
DA:111,0
DA:112,11
DA:113,11
DA:115,11
DA:122,12
DA:133,0
FN:138,configureReads
FNDA:0,configureReads
DA:139,0
DA:140,0
DA:141,0
DA:142,0
DA:143,0
DA:146,0
FN:150,requestRoles
FNDA:0,requestRoles
DA:156,0
DA:157,0
DA:158,0
DA:159,0
DA:160,0
FN:165,operate
FNDA:97,operate
DA:167,97
BRDA:167,6,0,-
DA:170,194
DA:171,194
DA:172,194
DA:173,194
DA:176,194
DA:180,97
BRDA:179,7,0,4
DA:184,4
DA:187,97
BRDA:186,8,0,3
DA:191,3
DA:195,97
DA:199,97
DA:204,63
BRDA:204,9,0,63
DA:205,63
BRDA:205,10,0,2
DA:210,2
BRDA:209,11,0,2
DA:213,2
BRDA:205,10,1,61
DA:219,61
BRDA:218,12,0,4
DA:222,4
DA:225,63
BRDA:225,13,0,63
DA:226,63
BRDA:226,14,0,3
DA:231,3
BRDA:230,15,0,3
DA:234,3
BRDA:226,14,1,60
DA:240,60
BRDA:239,16,0,6
DA:243,6
FN:251,swap
FNDA:25,swap
DA:256,25
BRDA:256,17,0,12
DA:258,12
BRDA:258,18,0,1
DA:261,11
DA:268,11
BRDA:268,19,0,-
DA:269,0
DA:272,11
DA:275,11
DA:278,11
DA:281,11
DA:284,11
BRDA:256,17,1,13
DA:285,13
BRDA:285,20,0,13
DA:287,13
BRDA:287,21,0,1
DA:290,12
DA:297,12
BRDA:297,22,0,-
DA:298,0
DA:301,12
DA:304,12
DA:307,12
DA:310,12
BRDA:285,20,1,-
DA:312,0
FN:321,bondPurchase
FNDA:0,bondPurchase
DA:325,0
BRDA:325,23,0,-
DA:326,0
DA:327,0
DA:329,0
BRDA:329,24,0,-
DA:330,0
DA:331,0
FN:337,_activate
FNDA:10,_activate
DA:338,10
DA:340,6
BRDA:340,25,0,6
DA:342,6
DA:343,6
DA:348,6
DA:349,6
DA:358,6
DA:362,6
DA:368,6
DA:371,6
DA:377,6
DA:395,6
DA:398,6
DA:401,6
BRDA:340,25,1,4
DA:404,4
DA:405,4
DA:407,4
DA:411,4
DA:412,4
DA:417,4
DA:426,4
DA:430,4
DA:436,4
DA:439,4
DA:445,4
DA:463,4
DA:466,4
DA:469,4
FN:475,_deactivate
FNDA:26,_deactivate
DA:476,26
DA:477,26
BRDA:477,26,0,8
DA:478,8
DA:479,8
FN:486,_getPriceDecimals
FNDA:10,_getPriceDecimals
DA:487,10
DA:488,194
DA:489,184
DA:490,184
DA:495,10
FN:500,setSpreads
FNDA:9,setSpreads
DA:505,9
DA:508,2
FN:512,setThresholdFactor
FNDA:0,setThresholdFactor
DA:517,0
FN:521,setCushionFactor
FNDA:3,setCushionFactor
DA:523,3
BRDA:523,27,0,2
DA:524,2
DA:527,1
FN:531,setCushionParams
FNDA:5,setCushionParams
DA:537,5
BRDA:537,28,0,2
DA:538,2
DA:539,3
BRDA:539,29,0,1
DA:540,2
BRDA:540,30,0,1
DA:541,1
DA:544,1
DA:545,1
DA:546,1
FN:550,setReserveFactor
FNDA:6,setReserveFactor
DA:552,6
BRDA:552,31,0,4
DA:553,4
DA:556,2
FN:560,setRegenParams
FNDA:4,setRegenParams
DA:566,4
BRDA:566,32,0,3
DA:567,3
DA:570,1
DA:571,1
DA:572,1
DA:575,1
DA:576,1
DA:577,1
DA:579,1
DA:580,1
DA:581,1
FN:585,setBondContracts
FNDA:4,setBondContracts
DA:590,4
BRDA:589,33,0,2
DA:592,2
DA:594,2
DA:595,2
FN:599,initialize
FNDA:48,initialize
DA:601,1
BRDA:601,34,0,1
DA:604,47
DA:607,47
DA:610,47
DA:611,47
DA:614,47
FN:618,regenerate
FNDA:4,regenerate
DA:620,4
FN:628,_updateCapacity
FNDA:217,_updateCapacity
DA:630,217
DA:633,217
FN:637,_updateRangePrices
FNDA:146,_updateRangePrices
DA:639,146
DA:642,146
FN:646,_addObservation
FNDA:97,_addObservation
DA:648,97
DA:653,97
DA:659,97
DA:660,97
DA:661,97
BRDA:661,35,0,48
DA:662,48
BRDA:662,36,0,47
DA:663,47
DA:664,47
BRDA:661,35,1,49
DA:667,1
BRDA:667,37,0,1
DA:668,1
DA:669,1
DA:672,97
DA:676,97
DA:677,97
BRDA:677,38,0,51
DA:678,51
BRDA:678,39,0,50
DA:679,50
DA:680,50
BRDA:677,38,1,46
DA:683,1
BRDA:683,40,0,1
DA:684,1
DA:685,1
DA:688,97
FN:693,_regenerate
FNDA:103,_regenerate
DA:694,52
BRDA:694,41,0,52
DA:696,52
DA:697,52
DA:698,52
DA:699,52
DA:702,52
DA:705,52
BRDA:694,41,1,51
DA:708,51
DA:709,51
DA:710,51
DA:711,51
DA:714,51
DA:717,51
FN:723,_checkCushion
FNDA:23,_checkCushion
DA:726,23
DA:727,23
DA:729,23
BRDA:728,42,0,21
DA:734,21
FN:740,getAmountOut
FNDA:49,getAmountOut
DA:745,49
BRDA:745,43,0,23
DA:747,23
DA:753,23
BRDA:753,44,0,1
DA:754,1
DA:756,22
BRDA:745,43,1,26
DA:757,26
BRDA:757,45,0,25
DA:759,25
DA:765,25
BRDA:765,46,0,1
DA:766,1
DA:768,24
BRDA:757,45,1,1
DA:770,1
FN:775,fullCapacity
FNDA:115,fullCapacity
DA:776,115
DA:777,115
DA:779,58
BRDA:779,47,0,58
DA:780,58
DA:787,115
FN:791,status
FNDA:10,status
DA:792,10
FN:796,config
FNDA:15,config
DA:797,15
FNF:27
FNH:23
LF:215
LH:191
BRF:58
BRH:51
end_of_record
TN:
SF:src/external/OlympusERC20.sol
FN:1026,
FNDA:0,
FN:1032,mint
FNDA:0,mint
DA:1037,0
FN:1040,burn
FNDA:0,burn
DA:1041,0
FN:1044,burnFrom
FNDA:0,burnFrom
DA:1045,0
FN:1048,_burnFrom
FNDA:0,_burnFrom
DA:1049,0
DA:1054,0
DA:1055,0
FNF:5
FNH:0
LF:6
LH:0
BRF:0
BRH:0
end_of_record
TN:
SF:src/modules/MINTR.sol
FN:18,
FNDA:11,
DA:19,11
FN:22,KEYCODE
FNDA:1,KEYCODE
DA:23,1
FN:26,ROLES
FNDA:2,ROLES
DA:27,2
DA:28,2
DA:29,2
FN:34,mintOhm
FNDA:12,mintOhm
DA:35,12
FN:38,burnOhm
FNDA:11,burnOhm
DA:39,11
FNF:5
FNH:5
LF:7
LH:7
BRF:0
BRH:0
end_of_record
TN:
SF:src/modules/TRSRY.sol
FN:76,
FNDA:0,
FN:78,KEYCODE
FNDA:1,KEYCODE
DA:79,1
FN:82,ROLES
FNDA:4,ROLES
DA:83,4
DA:84,4
DA:85,4
DA:86,4
FN:98,getReserveBalance
FNDA:118,getReserveBalance
DA:99,118
FN:103,requestApprovalFor
FNDA:52,requestApprovalFor
DA:108,52
DA:110,52
FN:113,withdrawReserves
FNDA:11,withdrawReserves
DA:119,11
DA:120,11
BRDA:120,0,0,-
DA:123,11
BRDA:123,1,0,-
DA:124,0
DA:126,11
DA:128,11
FN:132,revokeApprovals
FNDA:1,revokeApprovals
DA:135,1
BRDA:135,2,0,-
DA:136,0
DA:138,1
DA:139,1
DA:140,2
DA:142,2
DA:146,1
FN:153,loanReserves
FNDA:3,loanReserves
DA:157,3
DA:158,3
BRDA:158,3,0,-
DA:161,3
BRDA:161,4,0,3
DA:162,3
DA:166,3
DA:167,3
DA:170,3
DA:172,3
FN:175,repayLoan
FNDA:0,repayLoan
DA:180,0
DA:181,0
DA:184,0
DA:186,0
FN:203,setDebt
FNDA:1,setDebt
DA:208,1
DA:211,1
DA:213,1
BRDA:213,5,0,-
BRDA:213,5,1,1
DA:214,1
DA:216,1
FN:219,increaseDebt
FNDA:0,increaseDebt
DA:225,0
DA:228,0
DA:230,0
FN:233,decreaseDebt
FNDA:0,decreaseDebt
DA:239,0
DA:242,0
DA:244,0
FN:248,clearDebt
FNDA:0,clearDebt
DA:254,0
DA:255,0
DA:257,0
FNF:13
FNH:8
LF:47
LH:32
BRF:7
BRH:2
end_of_record
TN:
SF:src/modules/PRICE.sol
FN:72,
FNDA:0,
DA:81,0
BRDA:80,0,0,-
DA:83,0
DA:86,0
DA:87,0
DA:89,0
DA:90,0
DA:92,0
DA:93,0
DA:95,0
DA:100,0
FN:106,KEYCODE
FNDA:1,KEYCODE
DA:107,1
FN:110,ROLES
FNDA:2,ROLES
DA:111,2
DA:112,2
DA:113,2
FN:121,updateMovingAverage
FNDA:1,updateMovingAverage
DA:123,1
BRDA:123,1,0,1
DA:126,0
DA:129,0
DA:132,0
DA:135,0
BRDA:135,2,0,-
DA:136,0
BRDA:135,2,1,-
DA:138,0
DA:142,0
DA:143,0
DA:144,0
DA:147,0
FN:153,getCurrentPrice
FNDA:1,getCurrentPrice
DA:155,1
BRDA:155,3,0,1
DA:158,0
DA:159,0
DA:161,0
DA:164,0
BRDA:164,4,0,-
DA:165,0
DA:166,0
DA:168,0
DA:169,0
DA:171,0
BRDA:171,5,0,-
DA:172,0
DA:173,0
DA:177,0
DA:182,0
FN:186,getLastPrice
FNDA:1,getLastPrice
DA:188,1
BRDA:188,6,0,1
DA:189,0
DA:192,0
FN:196,getMovingAverage
FNDA:1,getMovingAverage
DA:198,1
BRDA:198,7,0,1
DA:199,0
FN:210,initialize
FNDA:3,initialize
DA:215,0
BRDA:215,8,0,-
DA:218,3
DA:222,3
BRDA:221,9,0,3
DA:224,3
DA:227,0
DA:228,0
DA:229,0
BRDA:229,10,0,-
DA:230,0
DA:231,0
DA:235,0
DA:236,0
DA:237,0
FN:245,changeMovingAverageDuration
FNDA:2,changeMovingAverageDuration
DA:251,2
BRDA:250,11,0,2
DA:253,2
DA:256,0
DA:261,0
DA:264,0
DA:265,0
DA:266,0
DA:267,0
DA:268,0
DA:269,0
FN:276,changeObservationFrequency
FNDA:2,changeObservationFrequency
DA:282,2
BRDA:281,12,0,2
DA:284,2
DA:287,0
DA:298,0
DA:301,0
DA:302,0
DA:303,0
DA:304,0
DA:305,0
DA:306,0
FNF:10
FNH:9
LF:76
LH:15
BRF:14
BRH:7
end_of_record
